2021-11-06 15:59:27,130 DEBUG [http-nio-8006-exec-4] c.p.m.ArticleMapper.findArticleHot [BaseJdbcLogger.java : 143] ==>  Preparing: select t1.*,t2.username,t2.avatar from article t1,admin_user t2 where t1.user_id = t2.id order by t1.article_like_nums desc limit 10 
2021-11-06 15:59:27,157 DEBUG [http-nio-8006-exec-4] c.p.m.ArticleMapper.findArticleHot [BaseJdbcLogger.java : 143] ==> Parameters: 
2021-11-06 15:59:27,209 DEBUG [http-nio-8006-exec-4] c.p.m.ArticleMapper.findArticleHot [BaseJdbcLogger.java : 143] <==      Total: 10
2021-11-06 15:59:27,212 DEBUG [http-nio-8006-exec-3] c.p.m.ArticleMapper.selectByWrapper [BaseJdbcLogger.java : 143] ==>  Preparing: select t1.*,t2.username,t2.avatar from article t1,admin_user t2 where t1.user_id = t2.id and article_category_id = ? order by create_time desc 
2021-11-06 15:59:27,214 DEBUG [http-nio-8006-exec-3] c.p.m.ArticleMapper.selectByWrapper [BaseJdbcLogger.java : 143] ==> Parameters: 1(Integer)
2021-11-06 15:59:27,244 DEBUG [http-nio-8006-exec-3] c.p.m.ArticleMapper.selectByWrapper [BaseJdbcLogger.java : 143] <==      Total: 18
2021-11-06 15:59:30,799 DEBUG [http-nio-8006-exec-6] c.p.m.A.readArticleComment [BaseJdbcLogger.java : 143] ==>  Preparing: select article_comment_id,article_comment_text,username,avatar as userAvatar,create_time from article_comment,admin_user where article_comment.user_id=admin_user.id and article_id=? order by create_time desc 
2021-11-06 15:59:30,800 DEBUG [http-nio-8006-exec-6] c.p.m.A.readArticleComment [BaseJdbcLogger.java : 143] ==> Parameters: 1456512739696914434(String)
2021-11-06 15:59:30,901 DEBUG [http-nio-8006-exec-6] c.p.m.A.readArticleComment [BaseJdbcLogger.java : 143] <==      Total: 0
2021-11-06 16:01:44,065 DEBUG [http-nio-8006-exec-10] c.p.m.A.readArticleComment [BaseJdbcLogger.java : 143] ==>  Preparing: select article_comment_id,article_comment_text,username,avatar as userAvatar,create_time from article_comment,admin_user where article_comment.user_id=admin_user.id and article_id=? order by create_time desc 
2021-11-06 16:01:44,065 DEBUG [http-nio-8006-exec-10] c.p.m.A.readArticleComment [BaseJdbcLogger.java : 143] ==> Parameters: 1456501812910055426(String)
2021-11-06 16:01:44,082 DEBUG [http-nio-8006-exec-10] c.p.m.A.readArticleComment [BaseJdbcLogger.java : 143] <==      Total: 0
2021-11-06 16:05:46,135 DEBUG [http-nio-8006-exec-2] c.p.m.ArticleMapper.findArticleHot [BaseJdbcLogger.java : 143] ==>  Preparing: select t1.*,t2.username,t2.avatar from article t1,admin_user t2 where t1.user_id = t2.id order by t1.article_like_nums desc limit 10 
2021-11-06 16:05:46,149 DEBUG [http-nio-8006-exec-2] c.p.m.ArticleMapper.findArticleHot [BaseJdbcLogger.java : 143] ==> Parameters: 
2021-11-06 16:05:46,191 DEBUG [http-nio-8006-exec-2] c.p.m.ArticleMapper.findArticleHot [BaseJdbcLogger.java : 143] <==      Total: 10
2021-11-06 16:05:46,194 DEBUG [http-nio-8006-exec-1] c.p.m.ArticleMapper.selectByWrapper [BaseJdbcLogger.java : 143] ==>  Preparing: select t1.*,t2.username,t2.avatar from article t1,admin_user t2 where t1.user_id = t2.id and article_category_id = ? order by create_time desc 
2021-11-06 16:05:46,195 DEBUG [http-nio-8006-exec-1] c.p.m.ArticleMapper.selectByWrapper [BaseJdbcLogger.java : 143] ==> Parameters: 1(Integer)
2021-11-06 16:05:46,225 DEBUG [http-nio-8006-exec-1] c.p.m.ArticleMapper.selectByWrapper [BaseJdbcLogger.java : 143] <==      Total: 18
2021-11-06 16:08:43,895 DEBUG [http-nio-8006-exec-8] c.p.m.ArticleMapper.findArticleHot [BaseJdbcLogger.java : 143] ==>  Preparing: select t1.*,t2.username,t2.avatar from article t1,admin_user t2 where t1.user_id = t2.id order by t1.article_like_nums desc limit 10 
2021-11-06 16:08:43,911 DEBUG [http-nio-8006-exec-8] c.p.m.ArticleMapper.findArticleHot [BaseJdbcLogger.java : 143] ==> Parameters: 
2021-11-06 16:08:44,022 DEBUG [http-nio-8006-exec-8] c.p.m.ArticleMapper.findArticleHot [BaseJdbcLogger.java : 143] <==      Total: 10
2021-11-06 16:08:44,026 DEBUG [http-nio-8006-exec-2] c.p.m.ArticleMapper.selectByWrapper [BaseJdbcLogger.java : 143] ==>  Preparing: select t1.*,t2.username,t2.avatar from article t1,admin_user t2 where t1.user_id = t2.id and article_category_id = ? order by create_time desc 
2021-11-06 16:08:44,028 DEBUG [http-nio-8006-exec-2] c.p.m.ArticleMapper.selectByWrapper [BaseJdbcLogger.java : 143] ==> Parameters: 1(Integer)
2021-11-06 16:08:44,084 DEBUG [http-nio-8006-exec-2] c.p.m.ArticleMapper.selectByWrapper [BaseJdbcLogger.java : 143] <==      Total: 18
2021-11-06 16:08:44,382 DEBUG [http-nio-8006-exec-5] c.p.m.ArticleMapper.findArticleHot [BaseJdbcLogger.java : 143] ==>  Preparing: select t1.*,t2.username,t2.avatar from article t1,admin_user t2 where t1.user_id = t2.id order by t1.article_like_nums desc limit 10 
2021-11-06 16:08:44,383 DEBUG [http-nio-8006-exec-6] c.p.m.ArticleMapper.selectByWrapper [BaseJdbcLogger.java : 143] ==>  Preparing: select t1.*,t2.username,t2.avatar from article t1,admin_user t2 where t1.user_id = t2.id and article_category_id = ? order by create_time desc 
2021-11-06 16:08:44,383 DEBUG [http-nio-8006-exec-5] c.p.m.ArticleMapper.findArticleHot [BaseJdbcLogger.java : 143] ==> Parameters: 
2021-11-06 16:08:44,384 DEBUG [http-nio-8006-exec-6] c.p.m.ArticleMapper.selectByWrapper [BaseJdbcLogger.java : 143] ==> Parameters: 1(Integer)
2021-11-06 16:08:44,411 DEBUG [http-nio-8006-exec-5] c.p.m.ArticleMapper.findArticleHot [BaseJdbcLogger.java : 143] <==      Total: 10
2021-11-06 16:08:44,430 DEBUG [http-nio-8006-exec-6] c.p.m.ArticleMapper.selectByWrapper [BaseJdbcLogger.java : 143] <==      Total: 18
2021-11-06 16:09:36,270 DEBUG [http-nio-8006-exec-2] c.p.m.ArticleMapper.findArticleHot [BaseJdbcLogger.java : 143] ==>  Preparing: select t1.*,t2.username,t2.avatar from article t1,admin_user t2 where t1.user_id = t2.id order by t1.article_like_nums desc limit 10 
2021-11-06 16:09:36,289 DEBUG [http-nio-8006-exec-2] c.p.m.ArticleMapper.findArticleHot [BaseJdbcLogger.java : 143] ==> Parameters: 
2021-11-06 16:09:36,333 DEBUG [http-nio-8006-exec-2] c.p.m.ArticleMapper.findArticleHot [BaseJdbcLogger.java : 143] <==      Total: 10
2021-11-06 16:09:36,336 DEBUG [http-nio-8006-exec-1] c.p.m.ArticleMapper.selectByWrapper [BaseJdbcLogger.java : 143] ==>  Preparing: select t1.*,t2.username,t2.avatar from article t1,admin_user t2 where t1.user_id = t2.id and article_category_id = ? order by create_time desc 
2021-11-06 16:09:36,337 DEBUG [http-nio-8006-exec-1] c.p.m.ArticleMapper.selectByWrapper [BaseJdbcLogger.java : 143] ==> Parameters: 1(Integer)
2021-11-06 16:09:36,374 DEBUG [http-nio-8006-exec-1] c.p.m.ArticleMapper.selectByWrapper [BaseJdbcLogger.java : 143] <==      Total: 18
2021-11-06 16:09:47,158 DEBUG [http-nio-8006-exec-8] c.p.m.A.readArticleComment [BaseJdbcLogger.java : 143] ==>  Preparing: select article_comment_id,article_comment_text,username,avatar as userAvatar,create_time from article_comment,admin_user where article_comment.user_id=admin_user.id and article_id=? order by create_time desc 
2021-11-06 16:09:47,158 DEBUG [http-nio-8006-exec-8] c.p.m.A.readArticleComment [BaseJdbcLogger.java : 143] ==> Parameters: 1456512739696914434(String)
2021-11-06 16:09:47,178 DEBUG [http-nio-8006-exec-8] c.p.m.A.readArticleComment [BaseJdbcLogger.java : 143] <==      Total: 0
2021-11-06 16:09:51,391 DEBUG [http-nio-8006-exec-10] c.p.m.A.readArticleComment [BaseJdbcLogger.java : 143] ==>  Preparing: select article_comment_id,article_comment_text,username,avatar as userAvatar,create_time from article_comment,admin_user where article_comment.user_id=admin_user.id and article_id=? order by create_time desc 
2021-11-06 16:09:51,392 DEBUG [http-nio-8006-exec-10] c.p.m.A.readArticleComment [BaseJdbcLogger.java : 143] ==> Parameters: 1456499978535411714(String)
2021-11-06 16:09:51,413 DEBUG [http-nio-8006-exec-10] c.p.m.A.readArticleComment [BaseJdbcLogger.java : 143] <==      Total: 0
2021-11-06 16:10:01,757 DEBUG [http-nio-8006-exec-1] com.pxl.mapper.UserMapper.selectList [BaseJdbcLogger.java : 143] ==>  Preparing: SELECT id,username,nickname,phone,gender,avatar,password,enabled,is_root FROM admin_user WHERE (username = ?) 
2021-11-06 16:10:01,758 DEBUG [http-nio-8006-exec-1] com.pxl.mapper.UserMapper.selectList [BaseJdbcLogger.java : 143] ==> Parameters: admin(String)
2021-11-06 16:10:01,775 DEBUG [http-nio-8006-exec-1] com.pxl.mapper.UserMapper.selectList [BaseJdbcLogger.java : 143] <==      Total: 1
2021-11-06 16:10:02,585 DEBUG [http-nio-8006-exec-3] com.pxl.mapper.UserMapper.selectList [BaseJdbcLogger.java : 143] ==>  Preparing: SELECT id,username,nickname,phone,gender,avatar,password,enabled,is_root FROM admin_user WHERE (username = ?) 
2021-11-06 16:10:02,586 DEBUG [http-nio-8006-exec-3] com.pxl.mapper.UserMapper.selectList [BaseJdbcLogger.java : 143] ==> Parameters: admin(String)
2021-11-06 16:10:02,604 DEBUG [http-nio-8006-exec-3] com.pxl.mapper.UserMapper.selectList [BaseJdbcLogger.java : 143] <==      Total: 1
2021-11-06 16:10:04,319 DEBUG [http-nio-8006-exec-4] com.pxl.mapper.UserMapper.selectList [BaseJdbcLogger.java : 143] ==>  Preparing: SELECT id,username,nickname,phone,gender,avatar,password,enabled,is_root FROM admin_user WHERE (username = ?) 
2021-11-06 16:10:04,320 DEBUG [http-nio-8006-exec-4] com.pxl.mapper.UserMapper.selectList [BaseJdbcLogger.java : 143] ==> Parameters: admin(String)
2021-11-06 16:10:04,338 DEBUG [http-nio-8006-exec-4] com.pxl.mapper.UserMapper.selectList [BaseJdbcLogger.java : 143] <==      Total: 1
2021-11-06 16:10:29,189 DEBUG [http-nio-8006-exec-5] com.pxl.mapper.UserMapper.selectList [BaseJdbcLogger.java : 143] ==>  Preparing: SELECT id,username,nickname,phone,gender,avatar,password,enabled,is_root FROM admin_user WHERE (username = ?) 
2021-11-06 16:10:29,190 DEBUG [http-nio-8006-exec-5] com.pxl.mapper.UserMapper.selectList [BaseJdbcLogger.java : 143] ==> Parameters: admin(String)
2021-11-06 16:10:29,208 DEBUG [http-nio-8006-exec-5] com.pxl.mapper.UserMapper.selectList [BaseJdbcLogger.java : 143] <==      Total: 1
2021-11-06 16:10:29,937 DEBUG [http-nio-8006-exec-6] com.pxl.mapper.UserMapper.selectList [BaseJdbcLogger.java : 143] ==>  Preparing: SELECT id,username,nickname,phone,gender,avatar,password,enabled,is_root FROM admin_user WHERE (username = ?) 
2021-11-06 16:10:29,938 DEBUG [http-nio-8006-exec-6] com.pxl.mapper.UserMapper.selectList [BaseJdbcLogger.java : 143] ==> Parameters: admin(String)
2021-11-06 16:10:29,956 DEBUG [http-nio-8006-exec-6] com.pxl.mapper.UserMapper.selectList [BaseJdbcLogger.java : 143] <==      Total: 1
2021-11-06 16:10:43,562 DEBUG [http-nio-8006-exec-8] com.pxl.mapper.UserMapper.selectOne [BaseJdbcLogger.java : 143] ==>  Preparing: SELECT id,username,nickname,phone,gender,avatar,password,enabled,is_root FROM admin_user WHERE (username = ?) 
2021-11-06 16:10:43,563 DEBUG [http-nio-8006-exec-8] com.pxl.mapper.UserMapper.selectOne [BaseJdbcLogger.java : 143] ==> Parameters: 张婧妍(String)
2021-11-06 16:10:43,580 DEBUG [http-nio-8006-exec-8] com.pxl.mapper.UserMapper.selectOne [BaseJdbcLogger.java : 143] <==      Total: 0
2021-11-06 16:10:43,664 DEBUG [http-nio-8006-exec-10] com.pxl.mapper.UserMapper.insert [BaseJdbcLogger.java : 143] ==>  Preparing: INSERT INTO admin_user ( id, username, avatar, password ) VALUES ( ?, ?, ?, ? ) 
2021-11-06 16:10:43,665 DEBUG [http-nio-8006-exec-10] com.pxl.mapper.UserMapper.insert [BaseJdbcLogger.java : 143] ==> Parameters: 1456896816997064706(String), 张婧妍(String), https://gimg2.baidu.com/image_search/src=http%3A%2F%2Fc-ssl.duitang.com%2Fuploads%2Fitem%2F202004%2F14%2F20200414210224_dnzpo.jpg&refer=http%3A%2F%2Fc-ssl.duitang.com&app=2002&size=f9999,10000&q=a80&n=0&g=0n&fmt=jpeg?sec=1638682490&t=1f5b0e2a58873efb478d3ac9ec1b380c(String), $2a$10$86ES0LUidzTCtLp/B1B4EeTrSRHQWBDq33f0be.s4JfdcrlVT6ePW(String)
2021-11-06 16:10:43,706 DEBUG [http-nio-8006-exec-10] com.pxl.mapper.UserMapper.insert [BaseJdbcLogger.java : 143] <==    Updates: 1
2021-11-06 16:10:46,856 DEBUG [http-nio-8006-exec-2] com.pxl.mapper.UserMapper.selectOne [BaseJdbcLogger.java : 143] ==>  Preparing: SELECT id,username,nickname,phone,gender,avatar,password,enabled,is_root FROM admin_user WHERE (username = ?) 
2021-11-06 16:10:46,857 DEBUG [http-nio-8006-exec-2] com.pxl.mapper.UserMapper.selectOne [BaseJdbcLogger.java : 143] ==> Parameters: 张婧妍(String)
2021-11-06 16:10:46,876 DEBUG [http-nio-8006-exec-2] com.pxl.mapper.UserMapper.selectOne [BaseJdbcLogger.java : 143] <==      Total: 1
2021-11-06 16:10:49,222 DEBUG [http-nio-8006-exec-1] com.pxl.mapper.UserMapper.selectList [BaseJdbcLogger.java : 143] ==>  Preparing: SELECT id,username,nickname,phone,gender,avatar,password,enabled,is_root FROM admin_user WHERE (username = ?) 
2021-11-06 16:10:49,222 DEBUG [http-nio-8006-exec-1] com.pxl.mapper.UserMapper.selectList [BaseJdbcLogger.java : 143] ==> Parameters: 张婧妍(String)
2021-11-06 16:10:49,242 DEBUG [http-nio-8006-exec-1] com.pxl.mapper.UserMapper.selectList [BaseJdbcLogger.java : 143] <==      Total: 1
2021-11-06 16:10:50,841 DEBUG [http-nio-8006-exec-4] com.pxl.mapper.UserMapper.selectList [BaseJdbcLogger.java : 143] ==>  Preparing: SELECT id,username,nickname,phone,gender,avatar,password,enabled,is_root FROM admin_user WHERE (username = ?) 
2021-11-06 16:10:50,842 DEBUG [http-nio-8006-exec-4] com.pxl.mapper.UserMapper.selectList [BaseJdbcLogger.java : 143] ==> Parameters: 张婧妍(String)
2021-11-06 16:10:50,860 DEBUG [http-nio-8006-exec-4] com.pxl.mapper.UserMapper.selectList [BaseJdbcLogger.java : 143] <==      Total: 1
2021-11-06 16:10:55,477 DEBUG [http-nio-8006-exec-3] com.pxl.mapper.UserMapper.selectList [BaseJdbcLogger.java : 143] ==>  Preparing: SELECT id,username,nickname,phone,gender,avatar,password,enabled,is_root FROM admin_user WHERE (username = ?) 
2021-11-06 16:10:55,478 DEBUG [http-nio-8006-exec-3] com.pxl.mapper.UserMapper.selectList [BaseJdbcLogger.java : 143] ==> Parameters: admin(String)
2021-11-06 16:10:55,497 DEBUG [http-nio-8006-exec-3] com.pxl.mapper.UserMapper.selectList [BaseJdbcLogger.java : 143] <==      Total: 1
2021-11-06 16:10:56,945 DEBUG [http-nio-8006-exec-5] com.pxl.mapper.UserMapper.selectList [BaseJdbcLogger.java : 143] ==>  Preparing: SELECT id,username,nickname,phone,gender,avatar,password,enabled,is_root FROM admin_user WHERE (username = ?) 
2021-11-06 16:10:56,946 DEBUG [http-nio-8006-exec-5] com.pxl.mapper.UserMapper.selectList [BaseJdbcLogger.java : 143] ==> Parameters: admin(String)
2021-11-06 16:10:56,965 DEBUG [http-nio-8006-exec-5] com.pxl.mapper.UserMapper.selectList [BaseJdbcLogger.java : 143] <==      Total: 1
2021-11-06 16:11:07,591 DEBUG [http-nio-8006-exec-6] com.pxl.mapper.UserMapper.selectList [BaseJdbcLogger.java : 143] ==>  Preparing: SELECT id,username,nickname,phone,gender,avatar,password,enabled,is_root FROM admin_user WHERE (username = ?) 
2021-11-06 16:11:07,594 DEBUG [http-nio-8006-exec-6] com.pxl.mapper.UserMapper.selectList [BaseJdbcLogger.java : 143] ==> Parameters: 张婧妍(String)
2021-11-06 16:11:07,615 DEBUG [http-nio-8006-exec-6] com.pxl.mapper.UserMapper.selectList [BaseJdbcLogger.java : 143] <==      Total: 1
2021-11-06 16:11:07,648 DEBUG [http-nio-8006-exec-7] com.pxl.mapper.UserMapper.selectList [BaseJdbcLogger.java : 143] ==>  Preparing: SELECT id,username,nickname,phone,gender,avatar,password,enabled,is_root FROM admin_user WHERE (username = ?) 
2021-11-06 16:11:07,649 DEBUG [http-nio-8006-exec-7] com.pxl.mapper.UserMapper.selectList [BaseJdbcLogger.java : 143] ==> Parameters: 张婧妍(String)
2021-11-06 16:11:07,667 DEBUG [http-nio-8006-exec-7] com.pxl.mapper.UserMapper.selectList [BaseJdbcLogger.java : 143] <==      Total: 1
