2021-11-06 15:56:30,693 INFO [main] com.pxl.Application [StartupInfoLogger.java : 55] Starting Application on LAPTOP-1RF0I43H with PID 4136 (D:\lun-tan-backend\target\classes started by exia in D:\lun-tan-backend)
2021-11-06 15:56:30,696 INFO [main] com.pxl.Application [SpringApplication.java : 651] No active profile set, falling back to default profiles: default
2021-11-06 15:56:31,395 INFO [main] o.s.d.r.c.RepositoryConfigurationDelegate [RepositoryConfigurationDelegate.java : 249] Multiple Spring Data modules found, entering strict repository configuration mode!
2021-11-06 15:56:31,396 INFO [main] o.s.d.r.c.RepositoryConfigurationDelegate [RepositoryConfigurationDelegate.java : 127] Bootstrapping Spring Data Redis repositories in DEFAULT mode.
2021-11-06 15:56:31,436 INFO [main] o.s.d.r.c.RepositoryConfigurationDelegate [RepositoryConfigurationDelegate.java : 187] Finished Spring Data repository scanning in 28ms. Found 0 Redis repository interfaces.
2021-11-06 15:56:31,857 INFO [main] o.s.c.s.PostProcessorRegistrationDelegate$BeanPostProcessorChecker [PostProcessorRegistrationDelegate.java : 335] Bean 'org.springframework.security.access.expression.method.DefaultMethodSecurityExpressionHandler@743e66f7' of type [org.springframework.security.access.expression.method.DefaultMethodSecurityExpressionHandler] is not eligible for getting processed by all BeanPostProcessors (for example: not eligible for auto-proxying)
2021-11-06 15:56:31,884 INFO [main] o.s.c.s.PostProcessorRegistrationDelegate$BeanPostProcessorChecker [PostProcessorRegistrationDelegate.java : 335] Bean 'methodSecurityMetadataSource' of type [org.springframework.security.access.method.DelegatingMethodSecurityMetadataSource] is not eligible for getting processed by all BeanPostProcessors (for example: not eligible for auto-proxying)
2021-11-06 15:56:32,374 INFO [main] o.s.b.w.e.tomcat.TomcatWebServer [TomcatWebServer.java : 108] Tomcat initialized with port(s): 8006 (http)
2021-11-06 15:56:32,381 INFO [main] o.a.coyote.http11.Http11NioProtocol [DirectJDKLog.java : 173] Initializing ProtocolHandler ["http-nio-8006"]
2021-11-06 15:56:32,382 INFO [main] o.a.catalina.core.StandardService [DirectJDKLog.java : 173] Starting service [Tomcat]
2021-11-06 15:56:32,382 INFO [main] o.a.catalina.core.StandardEngine [DirectJDKLog.java : 173] Starting Servlet engine: [Apache Tomcat/9.0.38]
2021-11-06 15:56:32,465 INFO [main] o.a.c.c.C.[Tomcat].[localhost].[/] [DirectJDKLog.java : 173] Initializing Spring embedded WebApplicationContext
2021-11-06 15:56:32,466 INFO [main] o.s.b.w.s.c.ServletWebServerApplicationContext [ServletWebServerApplicationContext.java : 285] Root WebApplicationContext: initialization completed in 1736 ms
2021-11-06 15:56:32,550 INFO [main] c.a.d.s.b.a.DruidDataSourceAutoConfigure [DruidDataSourceAutoConfigure.java : 56] Init DruidDataSource
2021-11-06 15:56:32,699 INFO [main] c.alibaba.druid.pool.DruidDataSource [DruidDataSource.java : 1003] {dataSource-1} inited
2021-11-06 15:56:35,750 INFO [main] com.pxl.common.Log.LogConfig [LogConfig.java : 16] 这是info日志
2021-11-06 15:56:35,787 INFO [main] s.d.s.w.PropertySourcedRequestMappingHandlerMapping [PropertySourcedRequestMappingHandlerMapping.java : 69] Mapped URL path [/v2/api-docs] onto method [springfox.documentation.swagger2.web.Swagger2Controller#getDocumentation(String, HttpServletRequest)]
2021-11-06 15:56:36,646 INFO [main] o.s.s.web.DefaultSecurityFilterChain [DefaultSecurityFilterChain.java : 43] Creating filter chain: any request, [org.springframework.security.web.context.request.async.WebAsyncManagerIntegrationFilter@53fd59d4, org.springframework.security.web.context.SecurityContextPersistenceFilter@50628080, org.springframework.security.web.header.HeaderWriterFilter@5cc152f9, org.springframework.web.filter.CorsFilter@43c3354, org.springframework.security.web.authentication.logout.LogoutFilter@229d508c, com.pxl.common.security.Jwt.JwtAuthenticationTokenFilter@7d4d65f5, org.springframework.security.web.savedrequest.RequestCacheAwareFilter@70b630d, org.springframework.security.web.servletapi.SecurityContextHolderAwareRequestFilter@4bac0be5, org.springframework.security.web.authentication.AnonymousAuthenticationFilter@260fffec, org.springframework.security.web.session.SessionManagementFilter@ea45a5b, org.springframework.security.web.access.ExceptionTranslationFilter@6055e899, org.springframework.security.web.access.intercept.FilterSecurityInterceptor@3751baf6]
2021-11-06 15:56:36,728 INFO [main] o.s.s.c.ThreadPoolTaskExecutor [ExecutorConfigurationSupport.java : 181] Initializing ExecutorService 'applicationTaskExecutor'
2021-11-06 15:56:37,632 INFO [main] o.a.coyote.http11.Http11NioProtocol [DirectJDKLog.java : 173] Starting ProtocolHandler ["http-nio-8006"]
2021-11-06 15:56:37,648 INFO [main] o.s.b.w.e.tomcat.TomcatWebServer [TomcatWebServer.java : 220] Tomcat started on port(s): 8006 (http) with context path ''
2021-11-06 15:56:37,649 INFO [main] s.d.s.w.p.DocumentationPluginsBootstrapper [DocumentationPluginsBootstrapper.java : 160] Context refreshed
2021-11-06 15:56:37,660 INFO [main] s.d.s.w.p.DocumentationPluginsBootstrapper [DocumentationPluginsBootstrapper.java : 163] Found 1 custom documentation plugin(s)
2021-11-06 15:56:37,684 INFO [main] s.d.s.w.s.ApiListingReferenceScanner [ApiListingReferenceScanner.java : 41] Scanning for api listing references
2021-11-06 15:56:37,792 INFO [main] com.pxl.Application [StartupInfoLogger.java : 61] Started Application in 7.619 seconds (JVM running for 8.753)
2021-11-06 15:59:26,723 INFO [http-nio-8006-exec-2] o.a.c.c.C.[Tomcat].[localhost].[/] [DirectJDKLog.java : 173] Initializing Spring DispatcherServlet 'dispatcherServlet'
2021-11-06 15:59:26,724 INFO [http-nio-8006-exec-2] o.s.web.servlet.DispatcherServlet [FrameworkServlet.java : 525] Initializing Servlet 'dispatcherServlet'
2021-11-06 15:59:26,756 INFO [http-nio-8006-exec-2] o.s.web.servlet.DispatcherServlet [FrameworkServlet.java : 547] Completed initialization in 32 ms
2021-11-06 16:04:58,525 INFO [SpringContextShutdownHook] o.s.s.c.ThreadPoolTaskExecutor [ExecutorConfigurationSupport.java : 218] Shutting down ExecutorService 'applicationTaskExecutor'
2021-11-06 16:04:58,650 INFO [SpringContextShutdownHook] c.alibaba.druid.pool.DruidDataSource [DruidDataSource.java : 1965] {dataSource-1} closing ...
2021-11-06 16:04:58,654 INFO [SpringContextShutdownHook] c.alibaba.druid.pool.DruidDataSource [DruidDataSource.java : 2037] {dataSource-1} closed
2021-11-06 16:05:03,469 INFO [main] com.pxl.Application [StartupInfoLogger.java : 55] Starting Application on LAPTOP-1RF0I43H with PID 12600 (D:\lun-tan-backend\target\classes started by exia in D:\lun-tan-backend)
2021-11-06 16:05:03,472 INFO [main] com.pxl.Application [SpringApplication.java : 651] No active profile set, falling back to default profiles: default
2021-11-06 16:05:04,247 INFO [main] o.s.d.r.c.RepositoryConfigurationDelegate [RepositoryConfigurationDelegate.java : 249] Multiple Spring Data modules found, entering strict repository configuration mode!
2021-11-06 16:05:04,250 INFO [main] o.s.d.r.c.RepositoryConfigurationDelegate [RepositoryConfigurationDelegate.java : 127] Bootstrapping Spring Data Redis repositories in DEFAULT mode.
2021-11-06 16:05:04,291 INFO [main] o.s.d.r.c.RepositoryConfigurationDelegate [RepositoryConfigurationDelegate.java : 187] Finished Spring Data repository scanning in 31ms. Found 0 Redis repository interfaces.
2021-11-06 16:05:04,622 INFO [main] o.s.c.s.PostProcessorRegistrationDelegate$BeanPostProcessorChecker [PostProcessorRegistrationDelegate.java : 335] Bean 'org.springframework.security.access.expression.method.DefaultMethodSecurityExpressionHandler@743e66f7' of type [org.springframework.security.access.expression.method.DefaultMethodSecurityExpressionHandler] is not eligible for getting processed by all BeanPostProcessors (for example: not eligible for auto-proxying)
2021-11-06 16:05:04,653 INFO [main] o.s.c.s.PostProcessorRegistrationDelegate$BeanPostProcessorChecker [PostProcessorRegistrationDelegate.java : 335] Bean 'methodSecurityMetadataSource' of type [org.springframework.security.access.method.DelegatingMethodSecurityMetadataSource] is not eligible for getting processed by all BeanPostProcessors (for example: not eligible for auto-proxying)
2021-11-06 16:05:05,176 INFO [main] o.s.b.w.e.tomcat.TomcatWebServer [TomcatWebServer.java : 108] Tomcat initialized with port(s): 8006 (http)
2021-11-06 16:05:05,183 INFO [main] o.a.coyote.http11.Http11NioProtocol [DirectJDKLog.java : 173] Initializing ProtocolHandler ["http-nio-8006"]
2021-11-06 16:05:05,184 INFO [main] o.a.catalina.core.StandardService [DirectJDKLog.java : 173] Starting service [Tomcat]
2021-11-06 16:05:05,184 INFO [main] o.a.catalina.core.StandardEngine [DirectJDKLog.java : 173] Starting Servlet engine: [Apache Tomcat/9.0.38]
2021-11-06 16:05:05,264 INFO [main] o.a.c.c.C.[Tomcat].[localhost].[/] [DirectJDKLog.java : 173] Initializing Spring embedded WebApplicationContext
2021-11-06 16:05:05,264 INFO [main] o.s.b.w.s.c.ServletWebServerApplicationContext [ServletWebServerApplicationContext.java : 285] Root WebApplicationContext: initialization completed in 1754 ms
2021-11-06 16:05:05,352 INFO [main] c.a.d.s.b.a.DruidDataSourceAutoConfigure [DruidDataSourceAutoConfigure.java : 56] Init DruidDataSource
2021-11-06 16:05:05,502 INFO [main] c.alibaba.druid.pool.DruidDataSource [DruidDataSource.java : 1003] {dataSource-1} inited
2021-11-06 16:05:08,740 INFO [main] com.pxl.common.Log.LogConfig [LogConfig.java : 16] 这是info日志
2021-11-06 16:05:08,767 INFO [main] s.d.s.w.PropertySourcedRequestMappingHandlerMapping [PropertySourcedRequestMappingHandlerMapping.java : 69] Mapped URL path [/v2/api-docs] onto method [springfox.documentation.swagger2.web.Swagger2Controller#getDocumentation(String, HttpServletRequest)]
2021-11-06 16:05:09,680 INFO [main] o.s.s.web.DefaultSecurityFilterChain [DefaultSecurityFilterChain.java : 43] Creating filter chain: any request, [org.springframework.security.web.context.request.async.WebAsyncManagerIntegrationFilter@2fafa9bf, org.springframework.security.web.context.SecurityContextPersistenceFilter@50628080, org.springframework.security.web.header.HeaderWriterFilter@5cc152f9, org.springframework.web.filter.CorsFilter@53fd59d4, org.springframework.security.web.authentication.logout.LogoutFilter@229d508c, com.pxl.common.security.Jwt.JwtAuthenticationTokenFilter@7d4d65f5, org.springframework.security.web.savedrequest.RequestCacheAwareFilter@70b630d, org.springframework.security.web.servletapi.SecurityContextHolderAwareRequestFilter@4bac0be5, org.springframework.security.web.authentication.AnonymousAuthenticationFilter@43c3354, org.springframework.security.web.session.SessionManagementFilter@ea45a5b, org.springframework.security.web.access.ExceptionTranslationFilter@6055e899, org.springframework.security.web.access.intercept.FilterSecurityInterceptor@75f446df]
2021-11-06 16:05:09,766 INFO [main] o.s.s.c.ThreadPoolTaskExecutor [ExecutorConfigurationSupport.java : 181] Initializing ExecutorService 'applicationTaskExecutor'
2021-11-06 16:05:10,707 INFO [main] o.a.coyote.http11.Http11NioProtocol [DirectJDKLog.java : 173] Starting ProtocolHandler ["http-nio-8006"]
2021-11-06 16:05:10,724 INFO [main] o.s.b.w.e.tomcat.TomcatWebServer [TomcatWebServer.java : 220] Tomcat started on port(s): 8006 (http) with context path ''
2021-11-06 16:05:10,725 INFO [main] s.d.s.w.p.DocumentationPluginsBootstrapper [DocumentationPluginsBootstrapper.java : 160] Context refreshed
2021-11-06 16:05:10,738 INFO [main] s.d.s.w.p.DocumentationPluginsBootstrapper [DocumentationPluginsBootstrapper.java : 163] Found 1 custom documentation plugin(s)
2021-11-06 16:05:10,765 INFO [main] s.d.s.w.s.ApiListingReferenceScanner [ApiListingReferenceScanner.java : 41] Scanning for api listing references
2021-11-06 16:05:10,880 INFO [main] com.pxl.Application [StartupInfoLogger.java : 61] Started Application in 7.856 seconds (JVM running for 8.868)
2021-11-06 16:05:45,807 INFO [http-nio-8006-exec-2] o.a.c.c.C.[Tomcat].[localhost].[/] [DirectJDKLog.java : 173] Initializing Spring DispatcherServlet 'dispatcherServlet'
2021-11-06 16:05:45,808 INFO [http-nio-8006-exec-2] o.s.web.servlet.DispatcherServlet [FrameworkServlet.java : 525] Initializing Servlet 'dispatcherServlet'
2021-11-06 16:05:45,828 INFO [http-nio-8006-exec-2] o.s.web.servlet.DispatcherServlet [FrameworkServlet.java : 547] Completed initialization in 20 ms
2021-11-06 16:08:09,340 INFO [SpringContextShutdownHook] o.s.s.c.ThreadPoolTaskExecutor [ExecutorConfigurationSupport.java : 218] Shutting down ExecutorService 'applicationTaskExecutor'
2021-11-06 16:08:09,454 INFO [SpringContextShutdownHook] c.alibaba.druid.pool.DruidDataSource [DruidDataSource.java : 1965] {dataSource-1} closing ...
2021-11-06 16:08:09,459 INFO [SpringContextShutdownHook] c.alibaba.druid.pool.DruidDataSource [DruidDataSource.java : 2037] {dataSource-1} closed
2021-11-06 16:08:14,137 INFO [main] com.pxl.Application [StartupInfoLogger.java : 55] Starting Application on LAPTOP-1RF0I43H with PID 16452 (D:\lun-tan-backend\target\classes started by exia in D:\lun-tan-backend)
2021-11-06 16:08:14,140 INFO [main] com.pxl.Application [SpringApplication.java : 651] No active profile set, falling back to default profiles: default
2021-11-06 16:08:14,887 INFO [main] o.s.d.r.c.RepositoryConfigurationDelegate [RepositoryConfigurationDelegate.java : 249] Multiple Spring Data modules found, entering strict repository configuration mode!
2021-11-06 16:08:14,890 INFO [main] o.s.d.r.c.RepositoryConfigurationDelegate [RepositoryConfigurationDelegate.java : 127] Bootstrapping Spring Data Redis repositories in DEFAULT mode.
2021-11-06 16:08:14,930 INFO [main] o.s.d.r.c.RepositoryConfigurationDelegate [RepositoryConfigurationDelegate.java : 187] Finished Spring Data repository scanning in 28ms. Found 0 Redis repository interfaces.
2021-11-06 16:08:15,259 INFO [main] o.s.c.s.PostProcessorRegistrationDelegate$BeanPostProcessorChecker [PostProcessorRegistrationDelegate.java : 335] Bean 'org.springframework.security.access.expression.method.DefaultMethodSecurityExpressionHandler@304d0259' of type [org.springframework.security.access.expression.method.DefaultMethodSecurityExpressionHandler] is not eligible for getting processed by all BeanPostProcessors (for example: not eligible for auto-proxying)
2021-11-06 16:08:15,285 INFO [main] o.s.c.s.PostProcessorRegistrationDelegate$BeanPostProcessorChecker [PostProcessorRegistrationDelegate.java : 335] Bean 'methodSecurityMetadataSource' of type [org.springframework.security.access.method.DelegatingMethodSecurityMetadataSource] is not eligible for getting processed by all BeanPostProcessors (for example: not eligible for auto-proxying)
2021-11-06 16:08:15,794 INFO [main] o.s.b.w.e.tomcat.TomcatWebServer [TomcatWebServer.java : 108] Tomcat initialized with port(s): 8006 (http)
2021-11-06 16:08:15,800 INFO [main] o.a.coyote.http11.Http11NioProtocol [DirectJDKLog.java : 173] Initializing ProtocolHandler ["http-nio-8006"]
2021-11-06 16:08:15,801 INFO [main] o.a.catalina.core.StandardService [DirectJDKLog.java : 173] Starting service [Tomcat]
2021-11-06 16:08:15,801 INFO [main] o.a.catalina.core.StandardEngine [DirectJDKLog.java : 173] Starting Servlet engine: [Apache Tomcat/9.0.38]
2021-11-06 16:08:15,878 INFO [main] o.a.c.c.C.[Tomcat].[localhost].[/] [DirectJDKLog.java : 173] Initializing Spring embedded WebApplicationContext
2021-11-06 16:08:15,879 INFO [main] o.s.b.w.s.c.ServletWebServerApplicationContext [ServletWebServerApplicationContext.java : 285] Root WebApplicationContext: initialization completed in 1696 ms
2021-11-06 16:08:15,964 INFO [main] c.a.d.s.b.a.DruidDataSourceAutoConfigure [DruidDataSourceAutoConfigure.java : 56] Init DruidDataSource
2021-11-06 16:08:16,111 INFO [main] c.alibaba.druid.pool.DruidDataSource [DruidDataSource.java : 1003] {dataSource-1} inited
2021-11-06 16:08:19,194 INFO [main] com.pxl.common.Log.LogConfig [LogConfig.java : 16] 这是info日志
2021-11-06 16:08:19,222 INFO [main] s.d.s.w.PropertySourcedRequestMappingHandlerMapping [PropertySourcedRequestMappingHandlerMapping.java : 69] Mapped URL path [/v2/api-docs] onto method [springfox.documentation.swagger2.web.Swagger2Controller#getDocumentation(String, HttpServletRequest)]
2021-11-06 16:08:20,106 INFO [main] o.s.s.web.DefaultSecurityFilterChain [DefaultSecurityFilterChain.java : 43] Creating filter chain: any request, [org.springframework.security.web.context.request.async.WebAsyncManagerIntegrationFilter@308d4981, org.springframework.security.web.context.SecurityContextPersistenceFilter@1361e880, org.springframework.security.web.header.HeaderWriterFilter@3e170abe, org.springframework.web.filter.CorsFilter@55731ccd, org.springframework.security.web.authentication.logout.LogoutFilter@799fc4c9, com.pxl.common.security.Jwt.JwtAuthenticationTokenFilter@c67395, org.springframework.security.web.savedrequest.RequestCacheAwareFilter@3ea1729e, org.springframework.security.web.servletapi.SecurityContextHolderAwareRequestFilter@870a9f2, org.springframework.security.web.authentication.AnonymousAuthenticationFilter@750adad8, org.springframework.security.web.session.SessionManagementFilter@658098a2, org.springframework.security.web.access.ExceptionTranslationFilter@3897f9ae, org.springframework.security.web.access.intercept.FilterSecurityInterceptor@6f12fca0]
2021-11-06 16:08:20,198 INFO [main] o.s.s.c.ThreadPoolTaskExecutor [ExecutorConfigurationSupport.java : 181] Initializing ExecutorService 'applicationTaskExecutor'
2021-11-06 16:08:21,126 INFO [main] o.a.coyote.http11.Http11NioProtocol [DirectJDKLog.java : 173] Starting ProtocolHandler ["http-nio-8006"]
2021-11-06 16:08:21,141 INFO [main] o.s.b.w.e.tomcat.TomcatWebServer [TomcatWebServer.java : 220] Tomcat started on port(s): 8006 (http) with context path ''
2021-11-06 16:08:21,142 INFO [main] s.d.s.w.p.DocumentationPluginsBootstrapper [DocumentationPluginsBootstrapper.java : 160] Context refreshed
2021-11-06 16:08:21,153 INFO [main] s.d.s.w.p.DocumentationPluginsBootstrapper [DocumentationPluginsBootstrapper.java : 163] Found 1 custom documentation plugin(s)
2021-11-06 16:08:21,178 INFO [main] s.d.s.w.s.ApiListingReferenceScanner [ApiListingReferenceScanner.java : 41] Scanning for api listing references
2021-11-06 16:08:21,308 INFO [main] com.pxl.Application [StartupInfoLogger.java : 61] Started Application in 7.615 seconds (JVM running for 8.512)
2021-11-06 16:08:43,490 INFO [http-nio-8006-exec-4] o.a.c.c.C.[Tomcat].[localhost].[/] [DirectJDKLog.java : 173] Initializing Spring DispatcherServlet 'dispatcherServlet'
2021-11-06 16:08:43,490 INFO [http-nio-8006-exec-4] o.s.web.servlet.DispatcherServlet [FrameworkServlet.java : 525] Initializing Servlet 'dispatcherServlet'
2021-11-06 16:08:43,517 INFO [http-nio-8006-exec-4] o.s.web.servlet.DispatcherServlet [FrameworkServlet.java : 547] Completed initialization in 26 ms
2021-11-06 16:09:10,338 INFO [SpringContextShutdownHook] o.s.s.c.ThreadPoolTaskExecutor [ExecutorConfigurationSupport.java : 218] Shutting down ExecutorService 'applicationTaskExecutor'
2021-11-06 16:09:10,463 INFO [SpringContextShutdownHook] c.alibaba.druid.pool.DruidDataSource [DruidDataSource.java : 1965] {dataSource-1} closing ...
2021-11-06 16:09:10,477 INFO [SpringContextShutdownHook] c.alibaba.druid.pool.DruidDataSource [DruidDataSource.java : 2037] {dataSource-1} closed
2021-11-06 16:09:14,928 INFO [main] com.pxl.Application [StartupInfoLogger.java : 55] Starting Application on LAPTOP-1RF0I43H with PID 16036 (D:\lun-tan-backend\target\classes started by exia in D:\lun-tan-backend)
2021-11-06 16:09:14,931 INFO [main] com.pxl.Application [SpringApplication.java : 651] No active profile set, falling back to default profiles: default
2021-11-06 16:09:15,667 INFO [main] o.s.d.r.c.RepositoryConfigurationDelegate [RepositoryConfigurationDelegate.java : 249] Multiple Spring Data modules found, entering strict repository configuration mode!
2021-11-06 16:09:15,669 INFO [main] o.s.d.r.c.RepositoryConfigurationDelegate [RepositoryConfigurationDelegate.java : 127] Bootstrapping Spring Data Redis repositories in DEFAULT mode.
2021-11-06 16:09:15,708 INFO [main] o.s.d.r.c.RepositoryConfigurationDelegate [RepositoryConfigurationDelegate.java : 187] Finished Spring Data repository scanning in 29ms. Found 0 Redis repository interfaces.
2021-11-06 16:09:16,033 INFO [main] o.s.c.s.PostProcessorRegistrationDelegate$BeanPostProcessorChecker [PostProcessorRegistrationDelegate.java : 335] Bean 'org.springframework.security.access.expression.method.DefaultMethodSecurityExpressionHandler@761956ac' of type [org.springframework.security.access.expression.method.DefaultMethodSecurityExpressionHandler] is not eligible for getting processed by all BeanPostProcessors (for example: not eligible for auto-proxying)
2021-11-06 16:09:16,058 INFO [main] o.s.c.s.PostProcessorRegistrationDelegate$BeanPostProcessorChecker [PostProcessorRegistrationDelegate.java : 335] Bean 'methodSecurityMetadataSource' of type [org.springframework.security.access.method.DelegatingMethodSecurityMetadataSource] is not eligible for getting processed by all BeanPostProcessors (for example: not eligible for auto-proxying)
2021-11-06 16:09:16,551 INFO [main] o.s.b.w.e.tomcat.TomcatWebServer [TomcatWebServer.java : 108] Tomcat initialized with port(s): 8006 (http)
2021-11-06 16:09:16,558 INFO [main] o.a.coyote.http11.Http11NioProtocol [DirectJDKLog.java : 173] Initializing ProtocolHandler ["http-nio-8006"]
2021-11-06 16:09:16,558 INFO [main] o.a.catalina.core.StandardService [DirectJDKLog.java : 173] Starting service [Tomcat]
2021-11-06 16:09:16,558 INFO [main] o.a.catalina.core.StandardEngine [DirectJDKLog.java : 173] Starting Servlet engine: [Apache Tomcat/9.0.38]
2021-11-06 16:09:16,640 INFO [main] o.a.c.c.C.[Tomcat].[localhost].[/] [DirectJDKLog.java : 173] Initializing Spring embedded WebApplicationContext
2021-11-06 16:09:16,641 INFO [main] o.s.b.w.s.c.ServletWebServerApplicationContext [ServletWebServerApplicationContext.java : 285] Root WebApplicationContext: initialization completed in 1662 ms
2021-11-06 16:09:16,739 INFO [main] c.a.d.s.b.a.DruidDataSourceAutoConfigure [DruidDataSourceAutoConfigure.java : 56] Init DruidDataSource
2021-11-06 16:09:16,894 INFO [main] c.alibaba.druid.pool.DruidDataSource [DruidDataSource.java : 1003] {dataSource-1} inited
2021-11-06 16:09:19,973 INFO [main] com.pxl.common.Log.LogConfig [LogConfig.java : 16] 这是info日志
2021-11-06 16:09:20,001 INFO [main] s.d.s.w.PropertySourcedRequestMappingHandlerMapping [PropertySourcedRequestMappingHandlerMapping.java : 69] Mapped URL path [/v2/api-docs] onto method [springfox.documentation.swagger2.web.Swagger2Controller#getDocumentation(String, HttpServletRequest)]
2021-11-06 16:09:20,804 INFO [main] o.s.s.web.DefaultSecurityFilterChain [DefaultSecurityFilterChain.java : 43] Creating filter chain: any request, [org.springframework.security.web.context.request.async.WebAsyncManagerIntegrationFilter@c770b57, org.springframework.security.web.context.SecurityContextPersistenceFilter@53b8a0f7, org.springframework.security.web.header.HeaderWriterFilter@408d12fc, org.springframework.web.filter.CorsFilter@308d4981, org.springframework.security.web.authentication.logout.LogoutFilter@1a7437d8, com.pxl.common.security.Jwt.JwtAuthenticationTokenFilter@26865b57, org.springframework.security.web.savedrequest.RequestCacheAwareFilter@3f6a9ba0, org.springframework.security.web.servletapi.SecurityContextHolderAwareRequestFilter@27605b87, org.springframework.security.web.authentication.AnonymousAuthenticationFilter@55731ccd, org.springframework.security.web.session.SessionManagementFilter@755009f2, org.springframework.security.web.access.ExceptionTranslationFilter@131c5bd, org.springframework.security.web.access.intercept.FilterSecurityInterceptor@5e75cf7a]
2021-11-06 16:09:20,887 INFO [main] o.s.s.c.ThreadPoolTaskExecutor [ExecutorConfigurationSupport.java : 181] Initializing ExecutorService 'applicationTaskExecutor'
2021-11-06 16:09:21,761 INFO [main] o.a.coyote.http11.Http11NioProtocol [DirectJDKLog.java : 173] Starting ProtocolHandler ["http-nio-8006"]
2021-11-06 16:09:21,777 INFO [main] o.s.b.w.e.tomcat.TomcatWebServer [TomcatWebServer.java : 220] Tomcat started on port(s): 8006 (http) with context path ''
2021-11-06 16:09:21,778 INFO [main] s.d.s.w.p.DocumentationPluginsBootstrapper [DocumentationPluginsBootstrapper.java : 160] Context refreshed
2021-11-06 16:09:21,790 INFO [main] s.d.s.w.p.DocumentationPluginsBootstrapper [DocumentationPluginsBootstrapper.java : 163] Found 1 custom documentation plugin(s)
2021-11-06 16:09:21,814 INFO [main] s.d.s.w.s.ApiListingReferenceScanner [ApiListingReferenceScanner.java : 41] Scanning for api listing references
2021-11-06 16:09:21,926 INFO [main] com.pxl.Application [StartupInfoLogger.java : 61] Started Application in 7.504 seconds (JVM running for 8.432)
2021-11-06 16:09:35,937 INFO [http-nio-8006-exec-2] o.a.c.c.C.[Tomcat].[localhost].[/] [DirectJDKLog.java : 173] Initializing Spring DispatcherServlet 'dispatcherServlet'
2021-11-06 16:09:35,937 INFO [http-nio-8006-exec-2] o.s.web.servlet.DispatcherServlet [FrameworkServlet.java : 525] Initializing Servlet 'dispatcherServlet'
2021-11-06 16:09:35,958 INFO [http-nio-8006-exec-2] o.s.web.servlet.DispatcherServlet [FrameworkServlet.java : 547] Completed initialization in 21 ms
2021-11-06 16:10:01,919 INFO [http-nio-8006-exec-1] com.pxl.controller.AuthController [AuthController.java : 42] token生成：eyJhbGciOiJIUzUxMiJ9.eyJzdWIiOiJhZG1pbiIsImF1dGgiOiJyb290IiwianRpIjoiMzY3MGY4NjBlOGVkNDM3ZjljMGQzOWQ3NmY2N2RlYjAifQ.7zJXsdt9H-suVQNZduOHvZ9lNPn-AlXfjE5984ixh3wGfqfeRFKKVNB6QhXVG1-0q55eDw32kvVsIoyPe6lv0A
2021-11-06 16:10:02,678 INFO [http-nio-8006-exec-3] com.pxl.controller.AuthController [AuthController.java : 42] token生成：eyJhbGciOiJIUzUxMiJ9.eyJzdWIiOiJhZG1pbiIsImF1dGgiOiJyb290IiwianRpIjoiMTZlYmMwODRjNTczNGEyY2FjNzE4MGI0Y2MyOGZhNzgifQ.j4PvV-yOXvKY1g23GxNCEm3Af1JklY28oQ8YvvoxXP5Foxokqut7znLaDdN6aul04G9Y5WQe2jglcgDlb0UXYA
2021-11-06 16:10:04,411 INFO [http-nio-8006-exec-4] com.pxl.controller.AuthController [AuthController.java : 42] token生成：eyJhbGciOiJIUzUxMiJ9.eyJzdWIiOiJhZG1pbiIsImF1dGgiOiJyb290IiwianRpIjoiY2FkNTFmZGY2ZjYwNDZkY2I3NWE0NzM3ZDlhMTVlMTAifQ.hBBPbeF28rAZYFqZpU-yBt-aSHn-EaT1Y-03qB8t-KB-9JSTWZta31aAc4o-9zACvuvqQVxouoK9hn48id9E0g
2021-11-06 16:10:29,281 INFO [http-nio-8006-exec-5] com.pxl.controller.AuthController [AuthController.java : 42] token生成：eyJhbGciOiJIUzUxMiJ9.eyJzdWIiOiJhZG1pbiIsImF1dGgiOiJyb290IiwianRpIjoiNzk4N2QxOGMxOGI5NGU2ODg0MThmOTAyYTc1NTg4MjAifQ.V3wj9WjcSthPG_68LJBNEZ4CDZ1WYSUm0Fw5xYIeEOw_PVGgP0mp0pkHaLwL3zbtt6megD44sxm-TmKiZKdGhA
2021-11-06 16:10:30,027 INFO [http-nio-8006-exec-6] com.pxl.controller.AuthController [AuthController.java : 42] token生成：eyJhbGciOiJIUzUxMiJ9.eyJzdWIiOiJhZG1pbiIsImF1dGgiOiJyb290IiwianRpIjoiM2M0ZjliY2JjYjQ4NDhlZmE5MDZlOTkwYzgwMjhjNGUifQ.FlZGFioZoqp-zOpMMJxe5hNU5VRiSdHy4sgPvJpJP3SkF_v8xwXUz3XYj3bygh7S-5uSL6iiGm3QObKDXSbbTA
2021-11-06 16:10:49,315 INFO [http-nio-8006-exec-1] com.pxl.controller.AuthController [AuthController.java : 42] token生成：eyJhbGciOiJIUzUxMiJ9.eyJzdWIiOiLlvKDlqaflpo0iLCJhdXRoIjoiYWRtaW4iLCJqdGkiOiI2YjgwOTBjNzA5YTg0NjY3YTI4YzJjYWU4MDBjMmZmMiJ9.KRYBxIOzzYcZ9nqoT3yy74zdN29PuXp7IPsYHAEYSBUKmXiZU667PUWlhETjAe2lLNp8APs7qn51cRYiGNoa_A
2021-11-06 16:10:50,937 INFO [http-nio-8006-exec-4] com.pxl.controller.AuthController [AuthController.java : 42] token生成：eyJhbGciOiJIUzUxMiJ9.eyJzdWIiOiLlvKDlqaflpo0iLCJhdXRoIjoiYWRtaW4iLCJqdGkiOiI2NDE4YTIwNmJjNTk0ODgwOTQ5OWU0NzRmYmMxNmJhNSJ9.1anppKtOk6oBXRidoVAANCgac-fT3aTTspm3rgXATE4G_AgfNGG5EQihJZN-UkSre9NvZxRL8W5HYh8ojnravg
2021-11-06 16:10:55,569 INFO [http-nio-8006-exec-3] com.pxl.controller.AuthController [AuthController.java : 42] token生成：eyJhbGciOiJIUzUxMiJ9.eyJzdWIiOiJhZG1pbiIsImF1dGgiOiJyb290IiwianRpIjoiMmM3OTE0ZTMwZmU3NDM0MzlkODI4ZGMyNTIwNTZhMGEifQ.z1pPNV9vdIKiGPo9HSbDwcliGDv6wBrf7bOHkKwg8RVM_2dJnH1Ih4oLLnSm3WmI4nq0ViuCPDrxPY9yjAVM9Q
2021-11-06 16:10:57,037 INFO [http-nio-8006-exec-5] com.pxl.controller.AuthController [AuthController.java : 42] token生成：eyJhbGciOiJIUzUxMiJ9.eyJzdWIiOiJhZG1pbiIsImF1dGgiOiJyb290IiwianRpIjoiN2YyNDM4MmMwZWUyNGFjZTkxYjJhZDgzZGIzYWRjYjcifQ.oVrBZZXMJCwJH_6-nnEM9HDZelxte0mkiecrtdllWn0XnD69wzqRWHsJs1EH9I3_fK9aYUrUpMYvu7iItfSp4w
2021-11-06 16:11:07,687 INFO [http-nio-8006-exec-6] com.pxl.controller.AuthController [AuthController.java : 42] token生成：eyJhbGciOiJIUzUxMiJ9.eyJzdWIiOiLlvKDlqaflpo0iLCJhdXRoIjoiYWRtaW4iLCJqdGkiOiJhZWE3YzU5MDc1ZjM0MGY2ODg3MzAxNGNhNGRhY2U4ZSJ9.XtGja2UfmmukQaXckDnPn0K9UODt6Dnk4yoV7bnDuDS2PuShHlpcWKczuhvxpiwhL5xTRdj7DmtNKBexZ0zh0g
2021-11-06 16:11:07,741 INFO [http-nio-8006-exec-7] com.pxl.controller.AuthController [AuthController.java : 42] token生成：eyJhbGciOiJIUzUxMiJ9.eyJzdWIiOiLlvKDlqaflpo0iLCJhdXRoIjoiYWRtaW4iLCJqdGkiOiI2NGYzYjdmZTQwOTA0MjIyOWY3NmFiYjE2ZTlkYjk4NCJ9.qlYfx5niYBHeUhYgAJetnnPdLlPiZ8wOroJ7DKAGPYWI0DT0-mCZJSX6tXkuax87hVJgB15_4ZU-8dKKYdWuow
