2021-10-13 12:53:03,597 INFO [SpringContextShutdownHook] o.s.s.c.ThreadPoolTaskExecutor [ExecutorConfigurationSupport.java : 218] Shutting down ExecutorService 'applicationTaskExecutor'
2021-10-13 12:53:03,749 INFO [SpringContextShutdownHook] c.alibaba.druid.pool.DruidDataSource [DruidDataSource.java : 1965] {dataSource-1} closing ...
2021-10-13 12:53:03,758 INFO [SpringContextShutdownHook] c.alibaba.druid.pool.DruidDataSource [DruidDataSource.java : 2037] {dataSource-1} closed
2021-10-13 12:53:08,598 INFO [main] com.pxl.Application [StartupInfoLogger.java : 55] Starting Application on pangxiaongdeAir with PID 2213 (/Users/pangxiaolong/project/lun-tan-backend/target/classes started by pangxiaolong in /Users/pangxiaolong/project/lun-tan-backend)
2021-10-13 12:53:08,601 INFO [main] com.pxl.Application [SpringApplication.java : 651] No active profile set, falling back to default profiles: default
2021-10-13 12:53:09,539 INFO [main] o.s.d.r.c.RepositoryConfigurationDelegate [RepositoryConfigurationDelegate.java : 249] Multiple Spring Data modules found, entering strict repository configuration mode!
2021-10-13 12:53:09,541 INFO [main] o.s.d.r.c.RepositoryConfigurationDelegate [RepositoryConfigurationDelegate.java : 127] Bootstrapping Spring Data Redis repositories in DEFAULT mode.
2021-10-13 12:53:09,588 INFO [main] o.s.d.r.c.RepositoryConfigurationDelegate [RepositoryConfigurationDelegate.java : 187] Finished Spring Data repository scanning in 33ms. Found 0 Redis repository interfaces.
2021-10-13 12:53:10,113 INFO [main] o.s.c.s.PostProcessorRegistrationDelegate$BeanPostProcessorChecker [PostProcessorRegistrationDelegate.java : 335] Bean 'org.springframework.security.access.expression.method.DefaultMethodSecurityExpressionHandler@743e66f7' of type [org.springframework.security.access.expression.method.DefaultMethodSecurityExpressionHandler] is not eligible for getting processed by all BeanPostProcessors (for example: not eligible for auto-proxying)
2021-10-13 12:53:10,152 INFO [main] o.s.c.s.PostProcessorRegistrationDelegate$BeanPostProcessorChecker [PostProcessorRegistrationDelegate.java : 335] Bean 'methodSecurityMetadataSource' of type [org.springframework.security.access.method.DelegatingMethodSecurityMetadataSource] is not eligible for getting processed by all BeanPostProcessors (for example: not eligible for auto-proxying)
2021-10-13 12:53:10,654 INFO [main] o.s.b.w.e.tomcat.TomcatWebServer [TomcatWebServer.java : 108] Tomcat initialized with port(s): 8006 (http)
2021-10-13 12:53:10,661 INFO [main] o.a.coyote.http11.Http11NioProtocol [DirectJDKLog.java : 173] Initializing ProtocolHandler ["http-nio-8006"]
2021-10-13 12:53:10,662 INFO [main] o.a.catalina.core.StandardService [DirectJDKLog.java : 173] Starting service [Tomcat]
2021-10-13 12:53:10,662 INFO [main] o.a.catalina.core.StandardEngine [DirectJDKLog.java : 173] Starting Servlet engine: [Apache Tomcat/9.0.38]
2021-10-13 12:53:10,719 INFO [main] o.a.c.c.C.[Tomcat].[localhost].[/] [DirectJDKLog.java : 173] Initializing Spring embedded WebApplicationContext
2021-10-13 12:53:10,720 INFO [main] o.s.b.w.s.c.ServletWebServerApplicationContext [ServletWebServerApplicationContext.java : 285] Root WebApplicationContext: initialization completed in 2068 ms
2021-10-13 12:53:10,805 INFO [main] c.a.d.s.b.a.DruidDataSourceAutoConfigure [DruidDataSourceAutoConfigure.java : 56] Init DruidDataSource
2021-10-13 12:53:10,992 INFO [main] c.alibaba.druid.pool.DruidDataSource [DruidDataSource.java : 1003] {dataSource-1} inited
2021-10-13 12:53:13,315 INFO [main] com.pxl.common.Log.LogConfig [LogConfig.java : 16] 这是info日志
2021-10-13 12:53:13,369 INFO [main] s.d.s.w.PropertySourcedRequestMappingHandlerMapping [PropertySourcedRequestMappingHandlerMapping.java : 69] Mapped URL path [/v2/api-docs] onto method [springfox.documentation.swagger2.web.Swagger2Controller#getDocumentation(String, HttpServletRequest)]
2021-10-13 12:53:14,257 INFO [main] o.s.s.web.DefaultSecurityFilterChain [DefaultSecurityFilterChain.java : 43] Creating filter chain: any request, [org.springframework.security.web.context.request.async.WebAsyncManagerIntegrationFilter@34d0c331, org.springframework.security.web.context.SecurityContextPersistenceFilter@25b8f9d2, org.springframework.security.web.header.HeaderWriterFilter@4fcedf83, org.springframework.web.filter.CorsFilter@3958db82, org.springframework.security.web.authentication.logout.LogoutFilter@340c7479, com.pxl.common.security.Jwt.JwtAuthenticationTokenFilter@b9b97ad, org.springframework.security.web.savedrequest.RequestCacheAwareFilter@33239d72, org.springframework.security.web.servletapi.SecurityContextHolderAwareRequestFilter@39a9becc, org.springframework.security.web.authentication.AnonymousAuthenticationFilter@577f81a0, org.springframework.security.web.session.SessionManagementFilter@5f5c0eda, org.springframework.security.web.access.ExceptionTranslationFilter@66d6e50b, org.springframework.security.web.access.intercept.FilterSecurityInterceptor@256aabbe]
2021-10-13 12:53:14,373 INFO [main] o.s.s.c.ThreadPoolTaskExecutor [ExecutorConfigurationSupport.java : 181] Initializing ExecutorService 'applicationTaskExecutor'
2021-10-13 12:53:15,225 INFO [main] o.a.coyote.http11.Http11NioProtocol [DirectJDKLog.java : 173] Starting ProtocolHandler ["http-nio-8006"]
2021-10-13 12:53:15,244 INFO [main] o.s.b.w.e.tomcat.TomcatWebServer [TomcatWebServer.java : 220] Tomcat started on port(s): 8006 (http) with context path ''
2021-10-13 12:53:15,245 INFO [main] s.d.s.w.p.DocumentationPluginsBootstrapper [DocumentationPluginsBootstrapper.java : 160] Context refreshed
2021-10-13 12:53:15,254 INFO [main] s.d.s.w.p.DocumentationPluginsBootstrapper [DocumentationPluginsBootstrapper.java : 163] Found 1 custom documentation plugin(s)
2021-10-13 12:53:15,274 INFO [main] s.d.s.w.s.ApiListingReferenceScanner [ApiListingReferenceScanner.java : 41] Scanning for api listing references
2021-10-13 12:53:15,393 INFO [main] com.pxl.Application [StartupInfoLogger.java : 61] Started Application in 7.255 seconds (JVM running for 8.0)
2021-10-13 12:53:47,146 INFO [http-nio-8006-exec-1] o.a.c.c.C.[Tomcat].[localhost].[/] [DirectJDKLog.java : 173] Initializing Spring DispatcherServlet 'dispatcherServlet'
2021-10-13 12:53:47,149 INFO [http-nio-8006-exec-1] o.s.web.servlet.DispatcherServlet [FrameworkServlet.java : 525] Initializing Servlet 'dispatcherServlet'
2021-10-13 12:53:47,208 INFO [http-nio-8006-exec-1] o.s.web.servlet.DispatcherServlet [FrameworkServlet.java : 547] Completed initialization in 59 ms
2021-10-13 12:59:23,303 INFO [SpringContextShutdownHook] o.s.s.c.ThreadPoolTaskExecutor [ExecutorConfigurationSupport.java : 218] Shutting down ExecutorService 'applicationTaskExecutor'
2021-10-13 12:59:23,436 INFO [SpringContextShutdownHook] c.alibaba.druid.pool.DruidDataSource [DruidDataSource.java : 1965] {dataSource-1} closing ...
2021-10-13 12:59:23,453 INFO [SpringContextShutdownHook] c.alibaba.druid.pool.DruidDataSource [DruidDataSource.java : 2037] {dataSource-1} closed
2021-10-13 12:59:27,951 INFO [main] com.pxl.Application [StartupInfoLogger.java : 55] Starting Application on pangxiaongdeAir with PID 2443 (/Users/pangxiaolong/project/lun-tan-backend/target/classes started by pangxiaolong in /Users/pangxiaolong/project/lun-tan-backend)
2021-10-13 12:59:27,953 INFO [main] com.pxl.Application [SpringApplication.java : 651] No active profile set, falling back to default profiles: default
2021-10-13 12:59:29,062 INFO [main] o.s.d.r.c.RepositoryConfigurationDelegate [RepositoryConfigurationDelegate.java : 249] Multiple Spring Data modules found, entering strict repository configuration mode!
2021-10-13 12:59:29,065 INFO [main] o.s.d.r.c.RepositoryConfigurationDelegate [RepositoryConfigurationDelegate.java : 127] Bootstrapping Spring Data Redis repositories in DEFAULT mode.
2021-10-13 12:59:29,110 INFO [main] o.s.d.r.c.RepositoryConfigurationDelegate [RepositoryConfigurationDelegate.java : 187] Finished Spring Data repository scanning in 33ms. Found 0 Redis repository interfaces.
2021-10-13 12:59:29,603 INFO [main] o.s.c.s.PostProcessorRegistrationDelegate$BeanPostProcessorChecker [PostProcessorRegistrationDelegate.java : 335] Bean 'org.springframework.security.access.expression.method.DefaultMethodSecurityExpressionHandler@2241f05b' of type [org.springframework.security.access.expression.method.DefaultMethodSecurityExpressionHandler] is not eligible for getting processed by all BeanPostProcessors (for example: not eligible for auto-proxying)
2021-10-13 12:59:29,635 INFO [main] o.s.c.s.PostProcessorRegistrationDelegate$BeanPostProcessorChecker [PostProcessorRegistrationDelegate.java : 335] Bean 'methodSecurityMetadataSource' of type [org.springframework.security.access.method.DelegatingMethodSecurityMetadataSource] is not eligible for getting processed by all BeanPostProcessors (for example: not eligible for auto-proxying)
2021-10-13 12:59:30,117 INFO [main] o.s.b.w.e.tomcat.TomcatWebServer [TomcatWebServer.java : 108] Tomcat initialized with port(s): 8006 (http)
2021-10-13 12:59:30,126 INFO [main] o.a.coyote.http11.Http11NioProtocol [DirectJDKLog.java : 173] Initializing ProtocolHandler ["http-nio-8006"]
2021-10-13 12:59:30,126 INFO [main] o.a.catalina.core.StandardService [DirectJDKLog.java : 173] Starting service [Tomcat]
2021-10-13 12:59:30,126 INFO [main] o.a.catalina.core.StandardEngine [DirectJDKLog.java : 173] Starting Servlet engine: [Apache Tomcat/9.0.38]
2021-10-13 12:59:30,183 INFO [main] o.a.c.c.C.[Tomcat].[localhost].[/] [DirectJDKLog.java : 173] Initializing Spring embedded WebApplicationContext
2021-10-13 12:59:30,184 INFO [main] o.s.b.w.s.c.ServletWebServerApplicationContext [ServletWebServerApplicationContext.java : 285] Root WebApplicationContext: initialization completed in 2162 ms
2021-10-13 12:59:30,270 INFO [main] c.a.d.s.b.a.DruidDataSourceAutoConfigure [DruidDataSourceAutoConfigure.java : 56] Init DruidDataSource
2021-10-13 12:59:30,458 INFO [main] c.alibaba.druid.pool.DruidDataSource [DruidDataSource.java : 1003] {dataSource-1} inited
2021-10-13 12:59:32,758 INFO [main] com.pxl.common.Log.LogConfig [LogConfig.java : 16] 这是info日志
2021-10-13 12:59:32,785 INFO [main] s.d.s.w.PropertySourcedRequestMappingHandlerMapping [PropertySourcedRequestMappingHandlerMapping.java : 69] Mapped URL path [/v2/api-docs] onto method [springfox.documentation.swagger2.web.Swagger2Controller#getDocumentation(String, HttpServletRequest)]
2021-10-13 12:59:33,552 INFO [main] o.s.s.web.DefaultSecurityFilterChain [DefaultSecurityFilterChain.java : 43] Creating filter chain: any request, [org.springframework.security.web.context.request.async.WebAsyncManagerIntegrationFilter@5afa0b1a, org.springframework.security.web.context.SecurityContextPersistenceFilter@6b3bc1f6, org.springframework.security.web.header.HeaderWriterFilter@3713bedc, org.springframework.web.filter.CorsFilter@3d9cba2, org.springframework.security.web.authentication.logout.LogoutFilter@e344f14, com.pxl.common.security.Jwt.JwtAuthenticationTokenFilter@536da29c, org.springframework.security.web.savedrequest.RequestCacheAwareFilter@3c2188f, org.springframework.security.web.servletapi.SecurityContextHolderAwareRequestFilter@59c00010, org.springframework.security.web.authentication.AnonymousAuthenticationFilter@6c167296, org.springframework.security.web.session.SessionManagementFilter@1d432d56, org.springframework.security.web.access.ExceptionTranslationFilter@570b85dd, org.springframework.security.web.access.intercept.FilterSecurityInterceptor@62d21afd]
2021-10-13 12:59:33,647 INFO [main] o.s.s.c.ThreadPoolTaskExecutor [ExecutorConfigurationSupport.java : 181] Initializing ExecutorService 'applicationTaskExecutor'
2021-10-13 12:59:34,511 INFO [main] o.a.coyote.http11.Http11NioProtocol [DirectJDKLog.java : 173] Starting ProtocolHandler ["http-nio-8006"]
2021-10-13 12:59:34,531 INFO [main] o.s.b.w.e.tomcat.TomcatWebServer [TomcatWebServer.java : 220] Tomcat started on port(s): 8006 (http) with context path ''
2021-10-13 12:59:34,533 INFO [main] s.d.s.w.p.DocumentationPluginsBootstrapper [DocumentationPluginsBootstrapper.java : 160] Context refreshed
2021-10-13 12:59:34,542 INFO [main] s.d.s.w.p.DocumentationPluginsBootstrapper [DocumentationPluginsBootstrapper.java : 163] Found 1 custom documentation plugin(s)
2021-10-13 12:59:34,561 INFO [main] s.d.s.w.s.ApiListingReferenceScanner [ApiListingReferenceScanner.java : 41] Scanning for api listing references
2021-10-13 12:59:34,684 INFO [main] com.pxl.Application [StartupInfoLogger.java : 61] Started Application in 7.164 seconds (JVM running for 7.814)
2021-10-13 13:00:36,154 INFO [http-nio-8006-exec-1] o.a.c.c.C.[Tomcat].[localhost].[/] [DirectJDKLog.java : 173] Initializing Spring DispatcherServlet 'dispatcherServlet'
2021-10-13 13:00:36,156 INFO [http-nio-8006-exec-1] o.s.web.servlet.DispatcherServlet [FrameworkServlet.java : 525] Initializing Servlet 'dispatcherServlet'
2021-10-13 13:00:36,201 INFO [http-nio-8006-exec-1] o.s.web.servlet.DispatcherServlet [FrameworkServlet.java : 547] Completed initialization in 45 ms
2021-10-13 13:14:07,916 INFO [SpringContextShutdownHook] o.s.s.c.ThreadPoolTaskExecutor [ExecutorConfigurationSupport.java : 218] Shutting down ExecutorService 'applicationTaskExecutor'
2021-10-13 13:14:08,058 INFO [SpringContextShutdownHook] c.alibaba.druid.pool.DruidDataSource [DruidDataSource.java : 1965] {dataSource-1} closing ...
2021-10-13 13:14:08,074 INFO [SpringContextShutdownHook] c.alibaba.druid.pool.DruidDataSource [DruidDataSource.java : 2037] {dataSource-1} closed
2021-10-13 13:14:13,320 INFO [main] com.pxl.Application [StartupInfoLogger.java : 55] Starting Application on pangxiaongdeAir with PID 2660 (/Users/pangxiaolong/project/lun-tan-backend/target/classes started by pangxiaolong in /Users/pangxiaolong/project/lun-tan-backend)
2021-10-13 13:14:13,322 INFO [main] com.pxl.Application [SpringApplication.java : 651] No active profile set, falling back to default profiles: default
2021-10-13 13:14:14,529 INFO [main] o.s.d.r.c.RepositoryConfigurationDelegate [RepositoryConfigurationDelegate.java : 249] Multiple Spring Data modules found, entering strict repository configuration mode!
2021-10-13 13:14:14,533 INFO [main] o.s.d.r.c.RepositoryConfigurationDelegate [RepositoryConfigurationDelegate.java : 127] Bootstrapping Spring Data Redis repositories in DEFAULT mode.
2021-10-13 13:14:14,593 INFO [main] o.s.d.r.c.RepositoryConfigurationDelegate [RepositoryConfigurationDelegate.java : 187] Finished Spring Data repository scanning in 43ms. Found 0 Redis repository interfaces.
2021-10-13 13:14:15,172 INFO [main] o.s.c.s.PostProcessorRegistrationDelegate$BeanPostProcessorChecker [PostProcessorRegistrationDelegate.java : 335] Bean 'org.springframework.security.access.expression.method.DefaultMethodSecurityExpressionHandler@71978f46' of type [org.springframework.security.access.expression.method.DefaultMethodSecurityExpressionHandler] is not eligible for getting processed by all BeanPostProcessors (for example: not eligible for auto-proxying)
2021-10-13 13:14:15,211 INFO [main] o.s.c.s.PostProcessorRegistrationDelegate$BeanPostProcessorChecker [PostProcessorRegistrationDelegate.java : 335] Bean 'methodSecurityMetadataSource' of type [org.springframework.security.access.method.DelegatingMethodSecurityMetadataSource] is not eligible for getting processed by all BeanPostProcessors (for example: not eligible for auto-proxying)
2021-10-13 13:14:15,770 INFO [main] o.s.b.w.e.tomcat.TomcatWebServer [TomcatWebServer.java : 108] Tomcat initialized with port(s): 8006 (http)
2021-10-13 13:14:15,777 INFO [main] o.a.coyote.http11.Http11NioProtocol [DirectJDKLog.java : 173] Initializing ProtocolHandler ["http-nio-8006"]
2021-10-13 13:14:15,777 INFO [main] o.a.catalina.core.StandardService [DirectJDKLog.java : 173] Starting service [Tomcat]
2021-10-13 13:14:15,778 INFO [main] o.a.catalina.core.StandardEngine [DirectJDKLog.java : 173] Starting Servlet engine: [Apache Tomcat/9.0.38]
2021-10-13 13:14:15,832 INFO [main] o.a.c.c.C.[Tomcat].[localhost].[/] [DirectJDKLog.java : 173] Initializing Spring embedded WebApplicationContext
2021-10-13 13:14:15,833 INFO [main] o.s.b.w.s.c.ServletWebServerApplicationContext [ServletWebServerApplicationContext.java : 285] Root WebApplicationContext: initialization completed in 2438 ms
2021-10-13 13:14:15,919 INFO [main] c.a.d.s.b.a.DruidDataSourceAutoConfigure [DruidDataSourceAutoConfigure.java : 56] Init DruidDataSource
2021-10-13 13:14:16,132 INFO [main] c.alibaba.druid.pool.DruidDataSource [DruidDataSource.java : 1003] {dataSource-1} inited
2021-10-13 13:14:18,502 INFO [main] com.pxl.common.Log.LogConfig [LogConfig.java : 16] 这是info日志
2021-10-13 13:14:18,528 INFO [main] s.d.s.w.PropertySourcedRequestMappingHandlerMapping [PropertySourcedRequestMappingHandlerMapping.java : 69] Mapped URL path [/v2/api-docs] onto method [springfox.documentation.swagger2.web.Swagger2Controller#getDocumentation(String, HttpServletRequest)]
2021-10-13 13:14:19,308 INFO [main] o.s.s.web.DefaultSecurityFilterChain [DefaultSecurityFilterChain.java : 43] Creating filter chain: any request, [org.springframework.security.web.context.request.async.WebAsyncManagerIntegrationFilter@5afa0b1a, org.springframework.security.web.context.SecurityContextPersistenceFilter@6b3bc1f6, org.springframework.security.web.header.HeaderWriterFilter@3713bedc, org.springframework.web.filter.CorsFilter@3d9cba2, org.springframework.security.web.authentication.logout.LogoutFilter@e344f14, com.pxl.common.security.Jwt.JwtAuthenticationTokenFilter@536da29c, org.springframework.security.web.savedrequest.RequestCacheAwareFilter@3c2188f, org.springframework.security.web.servletapi.SecurityContextHolderAwareRequestFilter@59c00010, org.springframework.security.web.authentication.AnonymousAuthenticationFilter@6c167296, org.springframework.security.web.session.SessionManagementFilter@1d432d56, org.springframework.security.web.access.ExceptionTranslationFilter@570b85dd, org.springframework.security.web.access.intercept.FilterSecurityInterceptor@62d21afd]
2021-10-13 13:14:19,408 INFO [main] o.s.s.c.ThreadPoolTaskExecutor [ExecutorConfigurationSupport.java : 181] Initializing ExecutorService 'applicationTaskExecutor'
2021-10-13 13:14:20,218 INFO [main] o.a.coyote.http11.Http11NioProtocol [DirectJDKLog.java : 173] Starting ProtocolHandler ["http-nio-8006"]
2021-10-13 13:14:20,237 INFO [main] o.s.b.w.e.tomcat.TomcatWebServer [TomcatWebServer.java : 220] Tomcat started on port(s): 8006 (http) with context path ''
2021-10-13 13:14:20,238 INFO [main] s.d.s.w.p.DocumentationPluginsBootstrapper [DocumentationPluginsBootstrapper.java : 160] Context refreshed
2021-10-13 13:14:20,247 INFO [main] s.d.s.w.p.DocumentationPluginsBootstrapper [DocumentationPluginsBootstrapper.java : 163] Found 1 custom documentation plugin(s)
2021-10-13 13:14:20,264 INFO [main] s.d.s.w.s.ApiListingReferenceScanner [ApiListingReferenceScanner.java : 41] Scanning for api listing references
2021-10-13 13:14:20,385 INFO [main] com.pxl.Application [StartupInfoLogger.java : 61] Started Application in 7.492 seconds (JVM running for 8.174)
2021-10-13 13:14:42,019 INFO [http-nio-8006-exec-1] o.a.c.c.C.[Tomcat].[localhost].[/] [DirectJDKLog.java : 173] Initializing Spring DispatcherServlet 'dispatcherServlet'
2021-10-13 13:14:42,022 INFO [http-nio-8006-exec-1] o.s.web.servlet.DispatcherServlet [FrameworkServlet.java : 525] Initializing Servlet 'dispatcherServlet'
2021-10-13 13:14:42,066 INFO [http-nio-8006-exec-1] o.s.web.servlet.DispatcherServlet [FrameworkServlet.java : 547] Completed initialization in 44 ms
2021-10-13 13:17:25,867 INFO [SpringContextShutdownHook] o.s.s.c.ThreadPoolTaskExecutor [ExecutorConfigurationSupport.java : 218] Shutting down ExecutorService 'applicationTaskExecutor'
2021-10-13 13:17:26,027 INFO [SpringContextShutdownHook] c.alibaba.druid.pool.DruidDataSource [DruidDataSource.java : 1965] {dataSource-1} closing ...
2021-10-13 13:17:26,032 INFO [SpringContextShutdownHook] c.alibaba.druid.pool.DruidDataSource [DruidDataSource.java : 2037] {dataSource-1} closed
2021-10-13 13:17:30,617 INFO [main] com.pxl.Application [StartupInfoLogger.java : 55] Starting Application on pangxiaongdeAir with PID 2698 (/Users/pangxiaolong/project/lun-tan-backend/target/classes started by pangxiaolong in /Users/pangxiaolong/project/lun-tan-backend)
2021-10-13 13:17:30,619 INFO [main] com.pxl.Application [SpringApplication.java : 651] No active profile set, falling back to default profiles: default
2021-10-13 13:17:31,644 INFO [main] o.s.d.r.c.RepositoryConfigurationDelegate [RepositoryConfigurationDelegate.java : 249] Multiple Spring Data modules found, entering strict repository configuration mode!
2021-10-13 13:17:31,647 INFO [main] o.s.d.r.c.RepositoryConfigurationDelegate [RepositoryConfigurationDelegate.java : 127] Bootstrapping Spring Data Redis repositories in DEFAULT mode.
2021-10-13 13:17:31,689 INFO [main] o.s.d.r.c.RepositoryConfigurationDelegate [RepositoryConfigurationDelegate.java : 187] Finished Spring Data repository scanning in 30ms. Found 0 Redis repository interfaces.
2021-10-13 13:17:32,147 INFO [main] o.s.c.s.PostProcessorRegistrationDelegate$BeanPostProcessorChecker [PostProcessorRegistrationDelegate.java : 335] Bean 'org.springframework.security.access.expression.method.DefaultMethodSecurityExpressionHandler@71978f46' of type [org.springframework.security.access.expression.method.DefaultMethodSecurityExpressionHandler] is not eligible for getting processed by all BeanPostProcessors (for example: not eligible for auto-proxying)
2021-10-13 13:17:32,178 INFO [main] o.s.c.s.PostProcessorRegistrationDelegate$BeanPostProcessorChecker [PostProcessorRegistrationDelegate.java : 335] Bean 'methodSecurityMetadataSource' of type [org.springframework.security.access.method.DelegatingMethodSecurityMetadataSource] is not eligible for getting processed by all BeanPostProcessors (for example: not eligible for auto-proxying)
2021-10-13 13:17:32,666 INFO [main] o.s.b.w.e.tomcat.TomcatWebServer [TomcatWebServer.java : 108] Tomcat initialized with port(s): 8006 (http)
2021-10-13 13:17:32,673 INFO [main] o.a.coyote.http11.Http11NioProtocol [DirectJDKLog.java : 173] Initializing ProtocolHandler ["http-nio-8006"]
2021-10-13 13:17:32,673 INFO [main] o.a.catalina.core.StandardService [DirectJDKLog.java : 173] Starting service [Tomcat]
2021-10-13 13:17:32,673 INFO [main] o.a.catalina.core.StandardEngine [DirectJDKLog.java : 173] Starting Servlet engine: [Apache Tomcat/9.0.38]
2021-10-13 13:17:32,730 INFO [main] o.a.c.c.C.[Tomcat].[localhost].[/] [DirectJDKLog.java : 173] Initializing Spring embedded WebApplicationContext
2021-10-13 13:17:32,730 INFO [main] o.s.b.w.s.c.ServletWebServerApplicationContext [ServletWebServerApplicationContext.java : 285] Root WebApplicationContext: initialization completed in 2049 ms
2021-10-13 13:17:32,817 INFO [main] c.a.d.s.b.a.DruidDataSourceAutoConfigure [DruidDataSourceAutoConfigure.java : 56] Init DruidDataSource
2021-10-13 13:17:32,996 INFO [main] c.alibaba.druid.pool.DruidDataSource [DruidDataSource.java : 1003] {dataSource-1} inited
2021-10-13 13:17:35,260 INFO [main] com.pxl.common.Log.LogConfig [LogConfig.java : 16] 这是info日志
2021-10-13 13:17:35,288 INFO [main] s.d.s.w.PropertySourcedRequestMappingHandlerMapping [PropertySourcedRequestMappingHandlerMapping.java : 69] Mapped URL path [/v2/api-docs] onto method [springfox.documentation.swagger2.web.Swagger2Controller#getDocumentation(String, HttpServletRequest)]
2021-10-13 13:17:36,092 INFO [main] o.s.s.web.DefaultSecurityFilterChain [DefaultSecurityFilterChain.java : 43] Creating filter chain: any request, [org.springframework.security.web.context.request.async.WebAsyncManagerIntegrationFilter@3cf7433e, org.springframework.security.web.context.SecurityContextPersistenceFilter@6b3bc1f6, org.springframework.security.web.header.HeaderWriterFilter@3713bedc, org.springframework.web.filter.CorsFilter@68cc6319, org.springframework.security.web.authentication.logout.LogoutFilter@e344f14, com.pxl.common.security.Jwt.JwtAuthenticationTokenFilter@536da29c, org.springframework.security.web.savedrequest.RequestCacheAwareFilter@3c2188f, org.springframework.security.web.servletapi.SecurityContextHolderAwareRequestFilter@59c00010, org.springframework.security.web.authentication.AnonymousAuthenticationFilter@3d0f4ac4, org.springframework.security.web.session.SessionManagementFilter@1d432d56, org.springframework.security.web.access.ExceptionTranslationFilter@570b85dd, org.springframework.security.web.access.intercept.FilterSecurityInterceptor@53a3fc8b]
2021-10-13 13:17:36,195 INFO [main] o.s.s.c.ThreadPoolTaskExecutor [ExecutorConfigurationSupport.java : 181] Initializing ExecutorService 'applicationTaskExecutor'
2021-10-13 13:17:36,987 INFO [main] o.a.coyote.http11.Http11NioProtocol [DirectJDKLog.java : 173] Starting ProtocolHandler ["http-nio-8006"]
2021-10-13 13:17:37,007 INFO [main] o.s.b.w.e.tomcat.TomcatWebServer [TomcatWebServer.java : 220] Tomcat started on port(s): 8006 (http) with context path ''
2021-10-13 13:17:37,008 INFO [main] s.d.s.w.p.DocumentationPluginsBootstrapper [DocumentationPluginsBootstrapper.java : 160] Context refreshed
2021-10-13 13:17:37,017 INFO [main] s.d.s.w.p.DocumentationPluginsBootstrapper [DocumentationPluginsBootstrapper.java : 163] Found 1 custom documentation plugin(s)
2021-10-13 13:17:37,034 INFO [main] s.d.s.w.s.ApiListingReferenceScanner [ApiListingReferenceScanner.java : 41] Scanning for api listing references
2021-10-13 13:17:37,155 INFO [main] com.pxl.Application [StartupInfoLogger.java : 61] Started Application in 7.049 seconds (JVM running for 7.778)
2021-10-13 13:18:54,031 INFO [http-nio-8006-exec-1] o.a.c.c.C.[Tomcat].[localhost].[/] [DirectJDKLog.java : 173] Initializing Spring DispatcherServlet 'dispatcherServlet'
2021-10-13 13:18:54,032 INFO [http-nio-8006-exec-1] o.s.web.servlet.DispatcherServlet [FrameworkServlet.java : 525] Initializing Servlet 'dispatcherServlet'
2021-10-13 13:18:54,080 INFO [http-nio-8006-exec-1] o.s.web.servlet.DispatcherServlet [FrameworkServlet.java : 547] Completed initialization in 48 ms
2021-10-13 13:25:19,571 INFO [SpringContextShutdownHook] o.s.s.c.ThreadPoolTaskExecutor [ExecutorConfigurationSupport.java : 218] Shutting down ExecutorService 'applicationTaskExecutor'
2021-10-13 13:25:19,707 INFO [SpringContextShutdownHook] c.alibaba.druid.pool.DruidDataSource [DruidDataSource.java : 1965] {dataSource-1} closing ...
2021-10-13 13:25:19,724 INFO [SpringContextShutdownHook] c.alibaba.druid.pool.DruidDataSource [DruidDataSource.java : 2037] {dataSource-1} closed
2021-10-13 13:25:25,228 INFO [main] com.pxl.Application [StartupInfoLogger.java : 55] Starting Application on pangxiaongdeAir with PID 2815 (/Users/pangxiaolong/project/lun-tan-backend/target/classes started by pangxiaolong in /Users/pangxiaolong/project/lun-tan-backend)
2021-10-13 13:25:25,237 INFO [main] com.pxl.Application [SpringApplication.java : 651] No active profile set, falling back to default profiles: default
2021-10-13 13:25:26,645 INFO [main] o.s.d.r.c.RepositoryConfigurationDelegate [RepositoryConfigurationDelegate.java : 249] Multiple Spring Data modules found, entering strict repository configuration mode!
2021-10-13 13:25:26,648 INFO [main] o.s.d.r.c.RepositoryConfigurationDelegate [RepositoryConfigurationDelegate.java : 127] Bootstrapping Spring Data Redis repositories in DEFAULT mode.
2021-10-13 13:25:26,695 INFO [main] o.s.d.r.c.RepositoryConfigurationDelegate [RepositoryConfigurationDelegate.java : 187] Finished Spring Data repository scanning in 35ms. Found 0 Redis repository interfaces.
2021-10-13 13:25:27,185 INFO [main] o.s.c.s.PostProcessorRegistrationDelegate$BeanPostProcessorChecker [PostProcessorRegistrationDelegate.java : 335] Bean 'org.springframework.security.access.expression.method.DefaultMethodSecurityExpressionHandler@4a67b4ec' of type [org.springframework.security.access.expression.method.DefaultMethodSecurityExpressionHandler] is not eligible for getting processed by all BeanPostProcessors (for example: not eligible for auto-proxying)
2021-10-13 13:25:27,217 INFO [main] o.s.c.s.PostProcessorRegistrationDelegate$BeanPostProcessorChecker [PostProcessorRegistrationDelegate.java : 335] Bean 'methodSecurityMetadataSource' of type [org.springframework.security.access.method.DelegatingMethodSecurityMetadataSource] is not eligible for getting processed by all BeanPostProcessors (for example: not eligible for auto-proxying)
2021-10-13 13:25:27,707 INFO [main] o.s.b.w.e.tomcat.TomcatWebServer [TomcatWebServer.java : 108] Tomcat initialized with port(s): 8006 (http)
2021-10-13 13:25:27,713 INFO [main] o.a.coyote.http11.Http11NioProtocol [DirectJDKLog.java : 173] Initializing ProtocolHandler ["http-nio-8006"]
2021-10-13 13:25:27,714 INFO [main] o.a.catalina.core.StandardService [DirectJDKLog.java : 173] Starting service [Tomcat]
2021-10-13 13:25:27,714 INFO [main] o.a.catalina.core.StandardEngine [DirectJDKLog.java : 173] Starting Servlet engine: [Apache Tomcat/9.0.38]
2021-10-13 13:25:27,768 INFO [main] o.a.c.c.C.[Tomcat].[localhost].[/] [DirectJDKLog.java : 173] Initializing Spring embedded WebApplicationContext
2021-10-13 13:25:27,768 INFO [main] o.s.b.w.s.c.ServletWebServerApplicationContext [ServletWebServerApplicationContext.java : 285] Root WebApplicationContext: initialization completed in 2393 ms
2021-10-13 13:25:27,862 INFO [main] c.a.d.s.b.a.DruidDataSourceAutoConfigure [DruidDataSourceAutoConfigure.java : 56] Init DruidDataSource
2021-10-13 13:25:28,046 INFO [main] c.alibaba.druid.pool.DruidDataSource [DruidDataSource.java : 1003] {dataSource-1} inited
2021-10-13 13:25:30,351 INFO [main] com.pxl.common.Log.LogConfig [LogConfig.java : 16] 这是info日志
2021-10-13 13:25:30,384 INFO [main] s.d.s.w.PropertySourcedRequestMappingHandlerMapping [PropertySourcedRequestMappingHandlerMapping.java : 69] Mapped URL path [/v2/api-docs] onto method [springfox.documentation.swagger2.web.Swagger2Controller#getDocumentation(String, HttpServletRequest)]
2021-10-13 13:25:31,303 INFO [main] o.s.s.web.DefaultSecurityFilterChain [DefaultSecurityFilterChain.java : 43] Creating filter chain: any request, [org.springframework.security.web.context.request.async.WebAsyncManagerIntegrationFilter@695c8b32, org.springframework.security.web.context.SecurityContextPersistenceFilter@2979c6ef, org.springframework.security.web.header.HeaderWriterFilter@16c9f7f0, org.springframework.web.filter.CorsFilter@1adec8d, org.springframework.security.web.authentication.logout.LogoutFilter@575e862c, com.pxl.common.security.Jwt.JwtAuthenticationTokenFilter@4cb4c4cc, org.springframework.security.web.savedrequest.RequestCacheAwareFilter@19c24321, org.springframework.security.web.servletapi.SecurityContextHolderAwareRequestFilter@177302d6, org.springframework.security.web.authentication.AnonymousAuthenticationFilter@6eb332d1, org.springframework.security.web.session.SessionManagementFilter@5e66733b, org.springframework.security.web.access.ExceptionTranslationFilter@64829470, org.springframework.security.web.access.intercept.FilterSecurityInterceptor@69c6e5]
2021-10-13 13:25:31,408 INFO [main] o.s.s.c.ThreadPoolTaskExecutor [ExecutorConfigurationSupport.java : 181] Initializing ExecutorService 'applicationTaskExecutor'
2021-10-13 13:25:32,278 INFO [main] o.a.coyote.http11.Http11NioProtocol [DirectJDKLog.java : 173] Starting ProtocolHandler ["http-nio-8006"]
2021-10-13 13:25:32,298 INFO [main] o.s.b.w.e.tomcat.TomcatWebServer [TomcatWebServer.java : 220] Tomcat started on port(s): 8006 (http) with context path ''
2021-10-13 13:25:32,299 INFO [main] s.d.s.w.p.DocumentationPluginsBootstrapper [DocumentationPluginsBootstrapper.java : 160] Context refreshed
2021-10-13 13:25:32,308 INFO [main] s.d.s.w.p.DocumentationPluginsBootstrapper [DocumentationPluginsBootstrapper.java : 163] Found 1 custom documentation plugin(s)
2021-10-13 13:25:32,325 INFO [main] s.d.s.w.s.ApiListingReferenceScanner [ApiListingReferenceScanner.java : 41] Scanning for api listing references
2021-10-13 13:25:32,453 INFO [main] com.pxl.Application [StartupInfoLogger.java : 61] Started Application in 7.776 seconds (JVM running for 8.476)
2021-10-13 13:26:01,874 INFO [http-nio-8006-exec-1] o.a.c.c.C.[Tomcat].[localhost].[/] [DirectJDKLog.java : 173] Initializing Spring DispatcherServlet 'dispatcherServlet'
2021-10-13 13:26:01,877 INFO [http-nio-8006-exec-1] o.s.web.servlet.DispatcherServlet [FrameworkServlet.java : 525] Initializing Servlet 'dispatcherServlet'
2021-10-13 13:26:01,931 INFO [http-nio-8006-exec-1] o.s.web.servlet.DispatcherServlet [FrameworkServlet.java : 547] Completed initialization in 54 ms
